[debug] [2019-08-30T08:08:09.555Z] ----------------------------------------------------------------------
[debug] [2019-08-30T08:08:09.558Z] Command:       /usr/local/Cellar/node/12.8.1/bin/node /Users/danforder/sites/portfolio/node_modules/.bin/firebase deploy
[debug] [2019-08-30T08:08:09.558Z] CLI Version:   7.3.0
[debug] [2019-08-30T08:08:09.558Z] Platform:      darwin
[debug] [2019-08-30T08:08:09.558Z] Node Version:  v12.8.1
[debug] [2019-08-30T08:08:09.559Z] Time:          Fri Aug 30 2019 09:08:09 GMT+0100 (British Summer Time)
[debug] [2019-08-30T08:08:09.559Z] ----------------------------------------------------------------------
[debug] 
[debug] [2019-08-30T08:08:09.568Z] > command requires scopes: ["email","openid","https://www.googleapis.com/auth/cloudplatformprojects.readonly","https://www.googleapis.com/auth/firebase","https://www.googleapis.com/auth/cloud-platform"]
[debug] [2019-08-30T08:08:09.569Z] > authorizing via signed-in user
[debug] [2019-08-30T08:08:09.569Z] [iam] checking project portfolio-a7dd4 for permissions ["firebase.projects.get","firebasehosting.sites.update"]
[debug] [2019-08-30T08:08:09.571Z] > refreshing access token with scopes: ["email","https://www.googleapis.com/auth/cloud-platform","https://www.googleapis.com/auth/cloudplatformprojects.readonly","https://www.googleapis.com/auth/firebase","openid"]
[debug] [2019-08-30T08:08:09.572Z] >>> HTTP REQUEST POST https://www.googleapis.com/oauth2/v3/token  
 <request body omitted>
[debug] [2019-08-30T08:08:09.700Z] <<< HTTP RESPONSE 200
[debug] [2019-08-30T08:08:09.718Z] >>> HTTP REQUEST POST https://cloudresourcemanager.googleapis.com/v1/projects/portfolio-a7dd4:testIamPermissions  

[debug] [2019-08-30T08:08:10.421Z] <<< HTTP RESPONSE 200
[debug] [2019-08-30T08:08:10.423Z] >>> HTTP REQUEST GET https://firebase.googleapis.com/v1beta1/projects/portfolio-a7dd4  
 
[debug] [2019-08-30T08:08:10.691Z] <<< HTTP RESPONSE 200
[info] 
[info] === Deploying to 'portfolio-a7dd4'...
[info] 
[info] i  deploying hosting
[debug] [2019-08-30T08:08:10.696Z] >>> HTTP REQUEST POST https://firebasehosting.googleapis.com/v1beta1/sites/portfolio-a7dd4/versions  

[debug] [2019-08-30T08:08:11.979Z] <<< HTTP RESPONSE 200
[info] i  hosting[portfolio-a7dd4]: beginning deploy...
[info] i  hosting[portfolio-a7dd4]: found 126 files in 
[debug] [2019-08-30T08:08:12.049Z] [hosting] hash cache [] load error: lines is not defined
[debug] [2019-08-30T08:08:12.616Z] [hosting] hash cache [] stored for 126 files
[debug] [2019-08-30T08:08:12.617Z] [hosting][hash queue][FINAL]
[debug] [2019-08-30T08:08:12.617Z] >>> HTTP REQUEST POST https://firebasehosting.googleapis.com/v1beta1/sites/portfolio-a7dd4/versions/52ca2c2b9d4dca68:populateFiles  
 <request body omitted>
[debug] [2019-08-30T08:08:15.405Z] <<< HTTP RESPONSE 200
[debug] [2019-08-30T08:08:15.418Z] [hosting][populate queue][FINAL]
[debug] [2019-08-30T08:08:15.418Z] [hosting] uploads queued: 14
